<?xml version="1.0" encoding="UTF-8"?>
<testng-results ignored="0" total="7" passed="7" failed="0" skipped="0">
  <reporter-output>
  </reporter-output>
  <suite started-at="2023-06-14T13:11:51 ICT" name="Default suite" finished-at="2023-06-14T13:13:41 ICT" duration-ms="110442">
    <groups>
    </groups>
    <test started-at="2023-06-14T13:11:51 ICT" name="Default test" finished-at="2023-06-14T13:13:41 ICT" duration-ms="110442">
      <class name="com.automation.testcase.TC_LoginTest">
        <test-method is-config="true" signature="init()[pri:0, instance:com.automation.testcase.TC_LoginTest@169e6180]" started-at="2023-06-14T13:11:51 ICT" name="init" finished-at="2023-06-14T13:11:58 ICT" duration-ms="7332" status="PASS">
          <reporter-output>
          </reporter-output>
        </test-method> <!-- init -->
        <test-method signature="testcase(java.lang.String,java.lang.String)[pri:0, instance:com.automation.testcase.TC_LoginTest@169e6180]" started-at="2023-06-14T13:12:00 ICT" name="testcase" data-provider="Excel" finished-at="2023-06-14T13:12:16 ICT" duration-ms="16420" status="PASS">
          <params>
            <param index="0">
              <value>
                <![CDATA[funixExample1@gmail.com]]>
              </value>
            </param>
            <param index="1">
              <value>
                <![CDATA[Abc@1234]]>
              </value>
            </param>
          </params>
          <reporter-output>
          </reporter-output>
        </test-method> <!-- testcase -->
        <test-method signature="testcase(java.lang.String,java.lang.String)[pri:0, instance:com.automation.testcase.TC_LoginTest@169e6180]" started-at="2023-06-14T13:12:16 ICT" name="testcase" data-provider="Excel" finished-at="2023-06-14T13:12:30 ICT" duration-ms="13409" status="PASS">
          <params>
            <param index="0">
              <value>
                <![CDATA[funixExample2@gmail.com]]>
              </value>
            </param>
            <param index="1">
              <value>
                <![CDATA[Abc@13579]]>
              </value>
            </param>
          </params>
          <reporter-output>
          </reporter-output>
        </test-method> <!-- testcase -->
        <test-method signature="testcase(java.lang.String,java.lang.String)[pri:0, instance:com.automation.testcase.TC_LoginTest@169e6180]" started-at="2023-06-14T13:12:30 ICT" name="testcase" data-provider="Excel" finished-at="2023-06-14T13:12:43 ICT" duration-ms="13355" status="PASS">
          <params>
            <param index="0">
              <value>
                <![CDATA[funixExample3@gmail.com]]>
              </value>
            </param>
            <param index="1">
              <value>
                <![CDATA[Funix1122]]>
              </value>
            </param>
          </params>
          <reporter-output>
          </reporter-output>
        </test-method> <!-- testcase -->
        <test-method signature="testcase(java.lang.String,java.lang.String)[pri:0, instance:com.automation.testcase.TC_LoginTest@169e6180]" started-at="2023-06-14T13:12:43 ICT" name="testcase" data-provider="Excel" finished-at="2023-06-14T13:12:55 ICT" duration-ms="12474" status="PASS">
          <params>
            <param index="0">
              <value>
                <![CDATA[funixExample4@gmail.com]]>
              </value>
            </param>
            <param index="1">
              <value>
                <![CDATA[Funix1234567]]>
              </value>
            </param>
          </params>
          <reporter-output>
          </reporter-output>
        </test-method> <!-- testcase -->
        <test-method signature="testcase(java.lang.String,java.lang.String)[pri:0, instance:com.automation.testcase.TC_LoginTest@169e6180]" started-at="2023-06-14T13:12:55 ICT" name="testcase" data-provider="Excel" finished-at="2023-06-14T13:13:08 ICT" duration-ms="12889" status="PASS">
          <params>
            <param index="0">
              <value>
                <![CDATA[funixExample5@gmail.com]]>
              </value>
            </param>
            <param index="1">
              <value>
                <![CDATA[Admin123]]>
              </value>
            </param>
          </params>
          <reporter-output>
          </reporter-output>
        </test-method> <!-- testcase -->
        <test-method signature="testcase(java.lang.String,java.lang.String)[pri:0, instance:com.automation.testcase.TC_LoginTest@169e6180]" started-at="2023-06-14T13:13:08 ICT" name="testcase" data-provider="Excel" finished-at="2023-06-14T13:13:27 ICT" duration-ms="19148" status="PASS">
          <params>
            <param index="0">
              <value>
                <![CDATA[funixExample6@gmail.com]]>
              </value>
            </param>
            <param index="1">
              <value>
                <![CDATA[Abc@000]]>
              </value>
            </param>
          </params>
          <reporter-output>
          </reporter-output>
        </test-method> <!-- testcase -->
        <test-method signature="testcase(java.lang.String,java.lang.String)[pri:0, instance:com.automation.testcase.TC_LoginTest@169e6180]" started-at="2023-06-14T13:13:27 ICT" name="testcase" data-provider="Excel" finished-at="2023-06-14T13:13:41 ICT" duration-ms="13605" status="PASS">
          <params>
            <param index="0">
              <value>
                <![CDATA[funixExample7@gmail.com]]>
              </value>
            </param>
            <param index="1">
              <value>
                <![CDATA[Abc@111]]>
              </value>
            </param>
          </params>
          <reporter-output>
          </reporter-output>
        </test-method> <!-- testcase -->
        <test-method is-config="true" signature="finish()[pri:0, instance:com.automation.testcase.TC_LoginTest@169e6180]" started-at="2023-06-14T13:13:41 ICT" name="finish" finished-at="2023-06-14T13:13:41 ICT" duration-ms="318" status="PASS">
          <reporter-output>
          </reporter-output>
        </test-method> <!-- finish -->
      </class> <!-- com.automation.testcase.TC_LoginTest -->
    </test> <!-- Default test -->
  </suite> <!-- Default suite -->
</testng-results>
