<?xml version="1.0" encoding="UTF-8"?>
<!-- Generated by org.testng.reporters.JUnitXMLReporter -->
<testsuite ignored="0" hostname="LAPTOP-D8MNEAJ7" failures="0" tests="7" name="Default test" time="110.442" errors="0" timestamp="2023-06-14T13:13:41 ICT">
  <testcase classname="com.automation.testcase.TC_LoginTest" name="testcase" time="16.42"/>
  <testcase classname="com.automation.testcase.TC_LoginTest" name="testcase" time="13.409"/>
  <testcase classname="com.automation.testcase.TC_LoginTest" name="testcase" time="13.355"/>
  <testcase classname="com.automation.testcase.TC_LoginTest" name="testcase" time="12.474"/>
  <testcase classname="com.automation.testcase.TC_LoginTest" name="testcase" time="12.889"/>
  <testcase classname="com.automation.testcase.TC_LoginTest" name="testcase" time="19.148"/>
  <testcase classname="com.automation.testcase.TC_LoginTest" name="testcase" time="13.605"/>
</testsuite> <!-- Default test -->
